%attr(755, root, root) %{_bindir}/netxmsd
%attr(755, root, root) %{_bindir}/nxadm
%attr(755, root, root) %{_bindir}/nxdbmgr
%attr(755, root, root) %{_bindir}/nxencpasswd
%attr(755, root, root) %{_bindir}/nxget
%attr(755, root, root) %{_bindir}/nxmibc
%attr(755, root, root) %{_bindir}/nxscript
%attr(755, root, root) %{_bindir}/nxsnmpget
%attr(755, root, root) %{_bindir}/nxsnmpset
%attr(755, root, root) %{_bindir}/nxsnmpwalk
%attr(755, root, root) %{_bindir}/nxupload
%attr(755, root, root) %{_libdir}/netxms/ndd/*.ndd
%attr(755, root, root) %{_libdir}/libavaya-ers.so*
%attr(755, root, root) %{_libdir}/libcisco.so*
%attr(755, root, root) %{_libdir}/libnxcore.so*
%attr(755, root, root) %{_libdir}/libnxsl.so*
%attr(755, root, root) %{_libdir}/libnxsms_generic.so*
%attr(755, root, root) %{_libdir}/libnxsms_nxagent.so*
%attr(755, root, root) %{_libdir}/libnxsms_portech.so*
%attr(755, root, root) %{_libdir}/libnxsnmp.so*
%attr(755, root, root) %{_libdir}/libnxsrv.so*
%attr(755, root, root) %{_datarootdir}/netxms/mibs/*.txt
%attr(755, root, root) %{_datarootdir}/netxms/sql/*
%attr(755, root, root) %{_sysconfdir}/init.d/netxmsd
